2015-10-30 15:40:56 [scrapy] INFO: Scrapy 1.0.3 started (bot: demo)
2015-10-30 15:40:56 [scrapy] INFO: Optional features available: ssl, http11
2015-10-30 15:40:56 [scrapy] INFO: Overridden settings: {'NEWSPIDER_MODULE': 'demo.spiders', 'SPIDER_MODULES': ['demo.spiders'], 'LOG_FILE': 'logs/scrapy.log', 'BOT_NAME': 'demo'}
2015-10-30 15:40:57 [scrapy] INFO: Enabled extensions: CloseSpider, TelnetConsole, LogStats, CoreStats, SpiderState
2015-10-30 15:40:58 [scrapy] INFO: Enabled downloader middlewares: HttpAuthMiddleware, DownloadTimeoutMiddleware, UserAgentMiddleware, CustomUserAgentMiddleware, RetryMiddleware, DefaultHeadersMiddleware, MetaRefreshMiddleware, HttpCompressionMiddleware, RedirectMiddleware, CookiesMiddleware, ChunkedTransferMiddleware, DownloaderStats
2015-10-30 15:40:58 [scrapy] INFO: Enabled spider middlewares: HttpErrorMiddleware, OffsiteMiddleware, RefererMiddleware, UrlLengthMiddleware, DepthMiddleware
2015-10-30 15:40:58 [scrapy] INFO: Enabled item pipelines: JsonWithEncodingPipeline
2015-10-30 15:40:58 [scrapy] INFO: Spider opened
2015-10-30 15:40:58 [scrapy] INFO: Crawled 0 pages (at 0 pages/min), scraped 0 items (at 0 items/min)
2015-10-30 15:40:58 [scrapy] DEBUG: Telnet console listening on 127.0.0.1:6023
2015-10-30 15:40:59 [scrapy] DEBUG: Crawled (200) <GET http://www.findingschool.net/browse> (referer: None)
2015-10-30 15:40:59 [scrapy] DEBUG: Crawled (200) <GET http://www.findingschool.net/summerbrowse> (referer: http://www.findingschool.net/browse)
2015-10-30 15:40:59 [school] INFO: hi, page http://www.findingschool.net/summerbrowse
2015-10-30 15:40:59 [scrapy] DEBUG: Filtered duplicate request: <GET http://www.findingschool.net/summerbrowse> - no more duplicates will be shown (see DUPEFILTER_DEBUG to show all duplicates)
2015-10-30 15:40:59 [scrapy] INFO: Closing spider (finished)
2015-10-30 15:40:59 [scrapy] INFO: Dumping Scrapy stats:
{'downloader/request_bytes': 648,
 'downloader/request_count': 2,
 'downloader/request_method_count/GET': 2,
 'downloader/response_bytes': 25206,
 'downloader/response_count': 2,
 'downloader/response_status_count/200': 2,
 'dupefilter/filtered': 1,
 'finish_reason': 'finished',
 'finish_time': datetime.datetime(2015, 10, 30, 7, 40, 59, 954000),
 'log_count/DEBUG': 4,
 'log_count/INFO': 8,
 'request_depth_max': 2,
 'response_received_count': 2,
 'scheduler/dequeued': 2,
 'scheduler/dequeued/memory': 2,
 'scheduler/enqueued': 2,
 'scheduler/enqueued/memory': 2,
 'start_time': datetime.datetime(2015, 10, 30, 7, 40, 58, 376000)}
2015-10-30 15:40:59 [scrapy] INFO: Spider closed (finished)
2015-10-30 15:42:19 [scrapy] INFO: Scrapy 1.0.3 started (bot: demo)
2015-10-30 15:42:19 [scrapy] INFO: Optional features available: ssl, http11
2015-10-30 15:42:19 [scrapy] INFO: Overridden settings: {'NEWSPIDER_MODULE': 'demo.spiders', 'SPIDER_MODULES': ['demo.spiders'], 'LOG_FILE': 'logs/scrapy.log', 'BOT_NAME': 'demo'}
2015-10-30 15:42:24 [scrapy] INFO: Enabled extensions: CloseSpider, TelnetConsole, LogStats, CoreStats, SpiderState
2015-10-30 15:42:24 [scrapy] INFO: Enabled downloader middlewares: HttpAuthMiddleware, DownloadTimeoutMiddleware, UserAgentMiddleware, CustomUserAgentMiddleware, RetryMiddleware, DefaultHeadersMiddleware, MetaRefreshMiddleware, HttpCompressionMiddleware, RedirectMiddleware, CookiesMiddleware, ChunkedTransferMiddleware, DownloaderStats
2015-10-30 15:42:24 [scrapy] INFO: Enabled spider middlewares: HttpErrorMiddleware, OffsiteMiddleware, RefererMiddleware, UrlLengthMiddleware, DepthMiddleware
2015-10-30 15:42:24 [scrapy] INFO: Enabled item pipelines: JsonWithEncodingPipeline
2015-10-30 15:42:24 [scrapy] INFO: Spider opened
2015-10-30 15:42:24 [scrapy] INFO: Crawled 0 pages (at 0 pages/min), scraped 0 items (at 0 items/min)
2015-10-30 15:42:24 [scrapy] DEBUG: Telnet console listening on 127.0.0.1:6023
2015-10-30 15:42:24 [scrapy] DEBUG: Crawled (200) <GET http://www.findingschool.net/browse> (referer: None)
2015-10-30 15:42:25 [scrapy] DEBUG: Crawled (200) <GET http://www.findingschool.net/summerbrowse> (referer: http://www.findingschool.net/browse)
2015-10-30 15:42:25 [school] INFO: hi, page http://www.findingschool.net/summerbrowse
2015-10-30 15:42:25 [scrapy] DEBUG: Filtered duplicate request: <GET http://www.findingschool.net/summerbrowse> - no more duplicates will be shown (see DUPEFILTER_DEBUG to show all duplicates)
2015-10-30 15:42:25 [scrapy] INFO: Closing spider (finished)
2015-10-30 15:42:25 [scrapy] INFO: Dumping Scrapy stats:
{'downloader/request_bytes': 623,
 'downloader/request_count': 2,
 'downloader/request_method_count/GET': 2,
 'downloader/response_bytes': 25205,
 'downloader/response_count': 2,
 'downloader/response_status_count/200': 2,
 'dupefilter/filtered': 1,
 'finish_reason': 'finished',
 'finish_time': datetime.datetime(2015, 10, 30, 7, 42, 25, 571000),
 'log_count/DEBUG': 4,
 'log_count/INFO': 8,
 'request_depth_max': 2,
 'response_received_count': 2,
 'scheduler/dequeued': 2,
 'scheduler/dequeued/memory': 2,
 'scheduler/enqueued': 2,
 'scheduler/enqueued/memory': 2,
 'start_time': datetime.datetime(2015, 10, 30, 7, 42, 24, 327000)}
2015-10-30 15:42:25 [scrapy] INFO: Spider closed (finished)
2015-10-30 15:43:39 [scrapy] INFO: Scrapy 1.0.3 started (bot: demo)
2015-10-30 15:43:39 [scrapy] INFO: Optional features available: ssl, http11
2015-10-30 15:43:39 [scrapy] INFO: Overridden settings: {'NEWSPIDER_MODULE': 'demo.spiders', 'SPIDER_MODULES': ['demo.spiders'], 'LOG_FILE': 'logs/scrapy.log', 'BOT_NAME': 'demo'}
2015-10-30 15:43:40 [scrapy] INFO: Enabled extensions: CloseSpider, TelnetConsole, LogStats, CoreStats, SpiderState
2015-10-30 15:43:41 [scrapy] INFO: Enabled downloader middlewares: HttpAuthMiddleware, DownloadTimeoutMiddleware, UserAgentMiddleware, CustomUserAgentMiddleware, RetryMiddleware, DefaultHeadersMiddleware, MetaRefreshMiddleware, HttpCompressionMiddleware, RedirectMiddleware, CookiesMiddleware, ChunkedTransferMiddleware, DownloaderStats
2015-10-30 15:43:41 [scrapy] INFO: Enabled spider middlewares: HttpErrorMiddleware, OffsiteMiddleware, RefererMiddleware, UrlLengthMiddleware, DepthMiddleware
2015-10-30 15:43:41 [scrapy] INFO: Enabled item pipelines: JsonWithEncodingPipeline
2015-10-30 15:43:41 [scrapy] INFO: Spider opened
2015-10-30 15:43:41 [scrapy] INFO: Crawled 0 pages (at 0 pages/min), scraped 0 items (at 0 items/min)
2015-10-30 15:43:41 [scrapy] DEBUG: Telnet console listening on 127.0.0.1:6023
2015-10-30 15:43:41 [scrapy] DEBUG: Crawled (200) <GET http://www.findingschool.net/browse> (referer: None)
2015-10-30 15:43:41 [scrapy] DEBUG: Crawled (200) <GET http://www.findingschool.net/summerbrowse> (referer: http://www.findingschool.net/browse)
2015-10-30 15:43:42 [school] INFO: hi, page http://www.findingschool.net/summerbrowse
2015-10-30 15:43:42 [scrapy] DEBUG: Filtered duplicate request: <GET http://www.findingschool.net/summerbrowse> - no more duplicates will be shown (see DUPEFILTER_DEBUG to show all duplicates)
2015-10-30 15:43:42 [scrapy] INFO: Closing spider (finished)
2015-10-30 15:43:42 [scrapy] INFO: Dumping Scrapy stats:
{'downloader/request_bytes': 639,
 'downloader/request_count': 2,
 'downloader/request_method_count/GET': 2,
 'downloader/response_bytes': 25204,
 'downloader/response_count': 2,
 'downloader/response_status_count/200': 2,
 'dupefilter/filtered': 1,
 'finish_reason': 'finished',
 'finish_time': datetime.datetime(2015, 10, 30, 7, 43, 42, 65000),
 'log_count/DEBUG': 4,
 'log_count/INFO': 8,
 'request_depth_max': 2,
 'response_received_count': 2,
 'scheduler/dequeued': 2,
 'scheduler/dequeued/memory': 2,
 'scheduler/enqueued': 2,
 'scheduler/enqueued/memory': 2,
 'start_time': datetime.datetime(2015, 10, 30, 7, 43, 41, 147000)}
2015-10-30 15:43:42 [scrapy] INFO: Spider closed (finished)
2015-10-30 15:44:03 [scrapy] INFO: Scrapy 1.0.3 started (bot: demo)
2015-10-30 15:44:03 [scrapy] INFO: Optional features available: ssl, http11
2015-10-30 15:44:03 [scrapy] INFO: Overridden settings: {'NEWSPIDER_MODULE': 'demo.spiders', 'SPIDER_MODULES': ['demo.spiders'], 'LOG_FILE': 'logs/scrapy.log', 'BOT_NAME': 'demo'}
2015-10-30 15:44:04 [scrapy] INFO: Enabled extensions: CloseSpider, TelnetConsole, LogStats, CoreStats, SpiderState
2015-10-30 15:44:05 [scrapy] INFO: Enabled downloader middlewares: HttpAuthMiddleware, DownloadTimeoutMiddleware, UserAgentMiddleware, CustomUserAgentMiddleware, RetryMiddleware, DefaultHeadersMiddleware, MetaRefreshMiddleware, HttpCompressionMiddleware, RedirectMiddleware, CookiesMiddleware, ChunkedTransferMiddleware, DownloaderStats
2015-10-30 15:44:05 [scrapy] INFO: Enabled spider middlewares: HttpErrorMiddleware, OffsiteMiddleware, RefererMiddleware, UrlLengthMiddleware, DepthMiddleware
2015-10-30 15:44:05 [scrapy] INFO: Enabled item pipelines: JsonWithEncodingPipeline
2015-10-30 15:44:05 [scrapy] INFO: Spider opened
2015-10-30 15:44:05 [scrapy] INFO: Crawled 0 pages (at 0 pages/min), scraped 0 items (at 0 items/min)
2015-10-30 15:44:05 [scrapy] DEBUG: Telnet console listening on 127.0.0.1:6023
2015-10-30 15:44:06 [scrapy] DEBUG: Crawled (200) <GET http://www.findingschool.net/browse> (referer: None)
2015-10-30 15:44:07 [scrapy] DEBUG: Crawled (200) <GET http://www.findingschool.net/summerbrowse> (referer: http://www.findingschool.net/browse)
2015-10-30 15:44:07 [school] INFO: hi, page http://www.findingschool.net/summerbrowse
2015-10-30 15:44:07 [scrapy] DEBUG: Filtered duplicate request: <GET http://www.findingschool.net/summerbrowse> - no more duplicates will be shown (see DUPEFILTER_DEBUG to show all duplicates)
2015-10-30 15:44:07 [scrapy] INFO: Closing spider (finished)
2015-10-30 15:44:07 [scrapy] INFO: Dumping Scrapy stats:
{'downloader/request_bytes': 698,
 'downloader/request_count': 2,
 'downloader/request_method_count/GET': 2,
 'downloader/response_bytes': 25204,
 'downloader/response_count': 2,
 'downloader/response_status_count/200': 2,
 'dupefilter/filtered': 1,
 'finish_reason': 'finished',
 'finish_time': datetime.datetime(2015, 10, 30, 7, 44, 7, 562000),
 'log_count/DEBUG': 4,
 'log_count/INFO': 8,
 'request_depth_max': 2,
 'response_received_count': 2,
 'scheduler/dequeued': 2,
 'scheduler/dequeued/memory': 2,
 'scheduler/enqueued': 2,
 'scheduler/enqueued/memory': 2,
 'start_time': datetime.datetime(2015, 10, 30, 7, 44, 5, 69000)}
2015-10-30 15:44:07 [scrapy] INFO: Spider closed (finished)
2015-10-30 15:53:53 [scrapy] INFO: Scrapy 1.0.3 started (bot: demo)
2015-10-30 15:53:53 [scrapy] INFO: Optional features available: ssl, http11
2015-10-30 15:53:53 [scrapy] INFO: Overridden settings: {'NEWSPIDER_MODULE': 'demo.spiders', 'SPIDER_MODULES': ['demo.spiders'], 'LOG_FILE': 'logs/scrapy.log', 'BOT_NAME': 'demo'}
